<testsuite errors="0" failures="0" name="Ontology.Ontolotgy_6Tables_StructureTest.As a Ontology User, I want to check table structure tests in STABLE_STAGING and CCDEV_CCDB" skipped="3" tests="3" time="0.0"><testcase classname="Ontology.Ontolotgy_6Tables_StructureTest.As a Ontology User, I want to check table structure tests in STABLE_STAGING and CCDEV_CCDB" name="Check the list of Ontology 6tables exists in Stable Staging VS CCDEV" status="skipped" time="0"><skipped /><system-out>
<![CDATA[
@scenario.begin

  @tableExistCheck
  Scenario: Check the list of Ontology 6tables exists in Stable Staging VS CCDEV
    Given I set up the database connections for "STAGING" on "STABLE" environment ... skipped in 0.000s
    And I set up the database connections for "INGEST" on "CCDEV" environment ... skipped in 0.000s
    When I execute following query for "source" Schema ... skipped in 0.000s
      """
      SELECT lower(table_name) as TableName from all_tables
      where owner='INDEX_TREE_EXPORT' and lower(table_name)
      IN ('ddf_dictionary','ddf_dictionary_exclude','ephmra','ephmra_action','ephmra_indication','ephmra_tree') order by table_name
      """
    When I execute following query for "target" Schema ... skipped in 0.000s
      """
      SELECT table_name as TableName from information_schema.tables
      where table_schema='ite_ingest' and table_name
      IN ('ddf_dictionary','ddf_dictionary_exclude','ephmra','ephmra_action','ephmra_indication','ephmra_tree') order by table_name
      """
    Then I should get the difference from "Source" to "Target" in "Ontology_Staging_CCDEV_TablesExists" csv file ... skipped in 0.000s
    And I should get the difference from "Target" to "Source" in "Ontology_CCDEV_Staging_TablesExists" csv file ... skipped in 0.000s

@scenario.end
--------------------------------------------------------------------------------
]]>
</system-out></testcase><testcase classname="Ontology.Ontolotgy_6Tables_StructureTest.As a Ontology User, I want to check table structure tests in STABLE_STAGING and CCDEV_CCDB" name="Check the list of Ontology Column Counts in Stable Staging VS CCDEV" status="skipped" time="0"><skipped /><system-out>
<![CDATA[
@scenario.begin

  @colCountCheck
  Scenario: Check the list of Ontology Column Counts in Stable Staging VS CCDEV
    Given I set up the database connections for "STAGING" on "STABLE" environment ... skipped in 0.000s
    And I set up the database connections for "INGEST" on "CCDEV" environment ... skipped in 0.000s
    Given I set up the database connections for "Staging" on "STABLE" environment ... skipped in 0.000s
    And I set up the database connections for "Ingest" on "CCDEV" environment ... skipped in 0.000s
    When I execute following query for "source" Schema ... skipped in 0.000s
      """
      Select lower(table_name) as TableName, Count(*) ColumnCount from ALL_TAB_COLUMNS where owner='INDEX_TREE_EXPORT' and
      lower(table_name) IN ('ddf_dictionary','ddf_dictionary_exclude','ephmra','ephmra_action','ephmra_indication','ephmra_tree')
      GROUP BY table_name ORDER BY table_name
      """
    When I execute following query for "target" Schema ... skipped in 0.000s
      """
      Select table_name as TableName,Count(*) ColumnCount from information_schema.columns where table_schema='ite_ingest' and
      table_name IN ('ddf_dictionary','ddf_dictionary_exclude','ephmra','ephmra_action','ephmra_indication','ephmra_tree')
      GROUP BY table_name order by table_name
      """
    Then I should get the difference from "Source" to "Target" in "Ontology_Staging_CCDEV_ColCount" csv file ... skipped in 0.000s
    And I should get the difference from "Target" to "Source" in "Ontology_CCDEV_Staging_ColCount" csv file ... skipped in 0.000s

@scenario.end
--------------------------------------------------------------------------------
]]>
</system-out></testcase><testcase classname="Ontology.Ontolotgy_6Tables_StructureTest.As a Ontology User, I want to check table structure tests in STABLE_STAGING and CCDEV_CCDB" name="Check the list of Ontology tables for Column Names Check in Stable Staging VS CCDEV" status="skipped" time="0"><skipped /><system-out>
<![CDATA[
@scenario.begin

  @colNamesCheck
  Scenario: Check the list of Ontology tables for Column Names Check in Stable Staging VS CCDEV
    Given I set up the database connections for "STAGING" on "STABLE" environment ... skipped in 0.000s
    And I set up the database connections for "INGEST" on "CCDEV" environment ... skipped in 0.000s
    Given I set up the database connections for "Staging" on "STABLE" environment ... skipped in 0.000s
    And I set up the database connections for "Ingest" on "CCDEV" environment ... skipped in 0.000s
    When I execute following query for "source" Schema ... skipped in 0.000s
      """
      Select lower(table_name) as TableName, lower(column_name) as ColumnName from ALL_TAB_COLUMNS where owner='INDEX_TREE_EXPORT' and
      lower(table_name) IN ('ddf_dictionary','ddf_dictionary_exclude','ephmra','ephmra_action','ephmra_indication','ephmra_tree','indication_tree_ad')
      ORDER BY TableName,ColumnName
      """
    When I execute following query for "target" Schema ... skipped in 0.000s
      """
      Select table_name as TableName, column_name as ColumnName  from information_schema.columns where table_schema='ite_ingest' and
      table_name IN ('ddf_dictionary','ddf_dictionary_exclude','ephmra','ephmra_action','ephmra_indication','ephmra_tree','indication_tree_ad')
      ORDER BY TableName,ColumnName
      """
    Then I should get the difference from "Source" to "Target" in "Ontology_Staging_CCDEV_ColCount" csv file ... skipped in 0.000s
    And I should get the difference from "Target" to "Source" in "Ontology_CCDEV_Staging_ColCount" csv file ... skipped in 0.000s

@scenario.end
--------------------------------------------------------------------------------
]]>
</system-out></testcase></testsuite>